<?xml version="1.0" encoding="UTF-8"?>
<testsuite name="com.example.PdbTutorial03ApplicationTests" time="0.046" tests="1" errors="1" skipped="0" failures="0">
  <properties>
    <property name="java.runtime.name" value="Java(TM) SE Runtime Environment"/>
    <property name="sun.boot.library.path" value="C:\Program Files (x86)\Java\jdk1.8.0_161\jre\bin"/>
    <property name="java.vm.version" value="25.161-b12"/>
    <property name="java.vm.vendor" value="Oracle Corporation"/>
    <property name="maven.multiModuleProjectDirectory" value="G:\APAP\Tutorial07\Tutorial07Producer"/>
    <property name="java.vendor.url" value="http://java.oracle.com/"/>
    <property name="path.separator" value=";"/>
    <property name="guice.disable.misplaced.annotation.check" value="true"/>
    <property name="java.vm.name" value="Java HotSpot(TM) Client VM"/>
    <property name="file.encoding.pkg" value="sun.io"/>
    <property name="user.script" value=""/>
    <property name="user.country" value="US"/>
    <property name="sun.java.launcher" value="SUN_STANDARD"/>
    <property name="sun.os.patch.level" value=""/>
    <property name="java.vm.specification.name" value="Java Virtual Machine Specification"/>
    <property name="user.dir" value="G:\APAP\Tutorial07\Tutorial07Producer"/>
    <property name="java.runtime.version" value="1.8.0_161-b12"/>
    <property name="java.awt.graphicsenv" value="sun.awt.Win32GraphicsEnvironment"/>
    <property name="java.endorsed.dirs" value="C:\Program Files (x86)\Java\jdk1.8.0_161\jre\lib\endorsed"/>
    <property name="os.arch" value="x86"/>
    <property name="java.io.tmpdir" value="C:\Users\GANIGE~1\AppData\Local\Temp\"/>
    <property name="line.separator" value="&#10;"/>
    <property name="java.vm.specification.vendor" value="Oracle Corporation"/>
    <property name="user.variant" value=""/>
    <property name="os.name" value="Windows 10"/>
    <property name="classworlds.conf" value="G:\APAP\Tutorial07\.metadata\.plugins\org.eclipse.m2e.launching\launches\m2conf1032782392879135825.tmp"/>
    <property name="sun.jnu.encoding" value="Cp1252"/>
    <property name="java.library.path" value="C:\Program Files (x86)\Java\jdk1.8.0_161\bin;C:\WINDOWS\Sun\Java\bin;C:\WINDOWS\system32;C:\WINDOWS;C:\Program Files (x86)\NVIDIA Corporation\PhysX\Common;C:\Program Files (x86)\ActiveState Komodo Edit 10\;C:\Program Files (x86)\ActiveState Komodo IDE 10\;C:\ProgramData\Oracle\Java\javapath;C:\Program Files (x86)\Common Files\Intel\Shared Files\cpp\bin\Intel64;C:\WINDOWS\system32;C:\WINDOWS;C:\WINDOWS\System32\Wbem;C:\WINDOWS\System32\WindowsPowerShell\v1.0\;C:\Program Files (x86)\ATI Technologies\ATI.ACE\Core-Static;C:\xampp\php;C:\ProgramData\ComposerSetup\bin;C:\Program Files (x86)\Microsoft SQL Server\90\Tools\binn\;C:\Program Files (x86)\Windows Kits\8.1\Windows Performance Toolkit\;C:\Program Files\Microsoft SQL Server\110\Tools\Binn\;C:\Program Files (x86)\PuTTY\;C:\Program Files (x86)\AMD\ATI.ACE\Core-Static;C:\PostgreSQL\pg96\bin;C:\Program Files (x86)\PostgreSQL\9.6\bin;C:\Program Files (x86)\EaseUS\Todo Backup\bin;C:\Program Files (x86)\Mitov\Visuino;C:\Ruby24-x64\bin;C:\Program Files (x86)\Atmel\Flip 3.4.7\bin;C:\Users\Gani Gemilar\AppData\Local\Microsoft\WindowsApps;."/>
    <property name="java.specification.name" value="Java Platform API Specification"/>
    <property name="java.class.version" value="52.0"/>
    <property name="sun.management.compiler" value="HotSpot Client Compiler"/>
    <property name="os.version" value="10.0"/>
    <property name="user.home" value="C:\Users\Gani Gemilar"/>
    <property name="user.timezone" value="Asia/Bangkok"/>
    <property name="java.awt.printerjob" value="sun.awt.windows.WPrinterJob"/>
    <property name="java.specification.version" value="1.8"/>
    <property name="file.encoding" value="Cp1252"/>
    <property name="user.name" value="Gani Gemilar"/>
    <property name="java.class.path" value="G:\APAP\spring-tool-suite-3.9.2.RELEASE-e4.7.2-win32\sts-bundle\sts-3.9.2.RELEASE\plugins\org.eclipse.m2e.maven.runtime_1.8.2.20171007-0216\jars\plexus-classworlds-2.5.2.jar"/>
    <property name="java.vm.specification.version" value="1.8"/>
    <property name="sun.arch.data.model" value="32"/>
    <property name="java.home" value="C:\Program Files (x86)\Java\jdk1.8.0_161\jre"/>
    <property name="sun.java.command" value="org.codehaus.plexus.classworlds.launcher.Launcher -B test"/>
    <property name="java.specification.vendor" value="Oracle Corporation"/>
    <property name="user.language" value="en"/>
    <property name="awt.toolkit" value="sun.awt.windows.WToolkit"/>
    <property name="java.vm.info" value="mixed mode"/>
    <property name="java.version" value="1.8.0_161"/>
    <property name="java.ext.dirs" value="C:\Program Files (x86)\Java\jdk1.8.0_161\jre\lib\ext;C:\WINDOWS\Sun\Java\lib\ext"/>
    <property name="sun.boot.class.path" value="C:\Program Files (x86)\Java\jdk1.8.0_161\jre\lib\resources.jar;C:\Program Files (x86)\Java\jdk1.8.0_161\jre\lib\rt.jar;C:\Program Files (x86)\Java\jdk1.8.0_161\jre\lib\sunrsasign.jar;C:\Program Files (x86)\Java\jdk1.8.0_161\jre\lib\jsse.jar;C:\Program Files (x86)\Java\jdk1.8.0_161\jre\lib\jce.jar;C:\Program Files (x86)\Java\jdk1.8.0_161\jre\lib\charsets.jar;C:\Program Files (x86)\Java\jdk1.8.0_161\jre\lib\jfr.jar;C:\Program Files (x86)\Java\jdk1.8.0_161\jre\classes"/>
    <property name="java.vendor" value="Oracle Corporation"/>
    <property name="maven.home" value="G:\APAP\Tutorial07\Tutorial07Producer\EMBEDDED"/>
    <property name="file.separator" value="\"/>
    <property name="java.vendor.url.bug" value="http://bugreport.sun.com/bugreport/"/>
    <property name="sun.cpu.endian" value="little"/>
    <property name="sun.io.unicode.encoding" value="UnicodeLittle"/>
    <property name="sun.desktop" value="windows"/>
    <property name="sun.cpu.isalist" value="pentium_pro+mmx pentium_pro pentium+mmx pentium i486 i386 i86"/>
  </properties>
  <testcase name="initializationError" classname="com.example.PdbTutorial03ApplicationTests" time="0.046">
    <error message="Unable to find a @SpringBootConfiguration, you need to use @ContextConfiguration or @SpringBootTest(classes=...) with your test" type="java.lang.IllegalStateException"><![CDATA[java.lang.IllegalStateException: Unable to find a @SpringBootConfiguration, you need to use @ContextConfiguration or @SpringBootTest(classes=...) with your test
	at org.springframework.util.Assert.state(Assert.java:392)
	at org.springframework.boot.test.context.SpringBootTestContextBootstrapper.getOrFindConfigurationClasses(SpringBootTestContextBootstrapper.java:156)
	at org.springframework.boot.test.context.SpringBootTestContextBootstrapper.processMergedContextConfiguration(SpringBootTestContextBootstrapper.java:116)
	at org.springframework.test.context.support.AbstractTestContextBootstrapper.buildMergedContextConfiguration(AbstractTestContextBootstrapper.java:409)
	at org.springframework.test.context.support.AbstractTestContextBootstrapper.buildDefaultMergedContextConfiguration(AbstractTestContextBootstrapper.java:323)
	at org.springframework.test.context.support.AbstractTestContextBootstrapper.buildMergedContextConfiguration(AbstractTestContextBootstrapper.java:277)
	at org.springframework.test.context.support.AbstractTestContextBootstrapper.buildTestContext(AbstractTestContextBootstrapper.java:112)
	at org.springframework.boot.test.context.SpringBootTestContextBootstrapper.buildTestContext(SpringBootTestContextBootstrapper.java:74)
	at org.springframework.test.context.TestContextManager.<init>(TestContextManager.java:120)
	at org.springframework.test.context.TestContextManager.<init>(TestContextManager.java:105)
	at org.springframework.test.context.junit4.SpringJUnit4ClassRunner.createTestContextManager(SpringJUnit4ClassRunner.java:152)
	at org.springframework.test.context.junit4.SpringJUnit4ClassRunner.<init>(SpringJUnit4ClassRunner.java:143)
	at org.springframework.test.context.junit4.SpringRunner.<init>(SpringRunner.java:49)
	at sun.reflect.NativeConstructorAccessorImpl.newInstance0(Native Method)
	at sun.reflect.NativeConstructorAccessorImpl.newInstance(NativeConstructorAccessorImpl.java:62)
	at sun.reflect.DelegatingConstructorAccessorImpl.newInstance(DelegatingConstructorAccessorImpl.java:45)
	at java.lang.reflect.Constructor.newInstance(Constructor.java:423)
	at org.junit.internal.builders.AnnotatedBuilder.buildRunner(AnnotatedBuilder.java:104)
	at org.junit.internal.builders.AnnotatedBuilder.runnerForClass(AnnotatedBuilder.java:86)
	at org.junit.runners.model.RunnerBuilder.safeRunnerForClass(RunnerBuilder.java:59)
	at org.junit.internal.builders.AllDefaultPossibilitiesBuilder.runnerForClass(AllDefaultPossibilitiesBuilder.java:26)
	at org.junit.runners.model.RunnerBuilder.safeRunnerForClass(RunnerBuilder.java:59)
	at org.junit.internal.requests.ClassRequest.getRunner(ClassRequest.java:33)
	at org.apache.maven.surefire.junit4.JUnit4Provider.execute(JUnit4Provider.java:283)
	at org.apache.maven.surefire.junit4.JUnit4Provider.executeWithRerun(JUnit4Provider.java:173)
	at org.apache.maven.surefire.junit4.JUnit4Provider.executeTestSet(JUnit4Provider.java:153)
	at org.apache.maven.surefire.junit4.JUnit4Provider.invoke(JUnit4Provider.java:128)
	at org.apache.maven.surefire.booter.ForkedBooter.invokeProviderInSameClassLoader(ForkedBooter.java:203)
	at org.apache.maven.surefire.booter.ForkedBooter.runSuitesInProcess(ForkedBooter.java:155)
	at org.apache.maven.surefire.booter.ForkedBooter.main(ForkedBooter.java:103)
]]></error>
    <system-out><![CDATA[20:55:24.507 [main] DEBUG org.springframework.test.context.junit4.SpringJUnit4ClassRunner - SpringJUnit4ClassRunner constructor called with [class com.example.PdbTutorial03ApplicationTests]
20:55:24.522 [main] DEBUG org.springframework.test.context.BootstrapUtils - Instantiating CacheAwareContextLoaderDelegate from class [org.springframework.test.context.cache.DefaultCacheAwareContextLoaderDelegate]
20:55:24.554 [main] DEBUG org.springframework.test.context.BootstrapUtils - Instantiating BootstrapContext using constructor [public org.springframework.test.context.support.DefaultBootstrapContext(java.lang.Class,org.springframework.test.context.CacheAwareContextLoaderDelegate)]
20:55:24.615 [main] DEBUG org.springframework.test.context.BootstrapUtils - Instantiating TestContextBootstrapper for test class [com.example.PdbTutorial03ApplicationTests] from class [org.springframework.boot.test.context.SpringBootTestContextBootstrapper]
20:55:24.662 [main] INFO org.springframework.boot.test.context.SpringBootTestContextBootstrapper - Neither @ContextConfiguration nor @ContextHierarchy found for test class [com.example.PdbTutorial03ApplicationTests], using SpringBootContextLoader
20:55:24.690 [main] DEBUG org.springframework.test.context.support.AbstractContextLoader - Did not detect default resource location for test class [com.example.PdbTutorial03ApplicationTests]: class path resource [com/example/PdbTutorial03ApplicationTests-context.xml] does not exist
20:55:24.692 [main] DEBUG org.springframework.test.context.support.AbstractContextLoader - Did not detect default resource location for test class [com.example.PdbTutorial03ApplicationTests]: class path resource [com/example/PdbTutorial03ApplicationTestsContext.groovy] does not exist
20:55:24.693 [main] INFO org.springframework.test.context.support.AbstractContextLoader - Could not detect default resource locations for test class [com.example.PdbTutorial03ApplicationTests]: no resource found for suffixes {-context.xml, Context.groovy}.
20:55:24.700 [main] INFO org.springframework.test.context.support.AnnotationConfigContextLoaderUtils - Could not detect default configuration classes for test class [com.example.PdbTutorial03ApplicationTests]: PdbTutorial03ApplicationTests does not declare any static, non-private, non-final, nested classes annotated with @Configuration.
20:55:24.835 [main] DEBUG org.springframework.test.context.support.ActiveProfilesUtils - Could not find an 'annotation declaring class' for annotation type [org.springframework.test.context.ActiveProfiles] and class [com.example.PdbTutorial03ApplicationTests]
20:55:25.024 [main] DEBUG org.springframework.core.env.StandardEnvironment - Adding [systemProperties] PropertySource with lowest search precedence
20:55:25.024 [main] DEBUG org.springframework.core.env.StandardEnvironment - Adding [systemEnvironment] PropertySource with lowest search precedence
20:55:25.024 [main] DEBUG org.springframework.core.env.StandardEnvironment - Initialized StandardEnvironment with PropertySources [systemProperties,systemEnvironment]
20:55:25.055 [main] DEBUG org.springframework.core.io.support.PathMatchingResourcePatternResolver - Resolved classpath location [com/example/] to resources [URL [file:/G:/APAP/Tutorial07/Tutorial07Producer/target/test-classes/com/example/], URL [file:/G:/APAP/Tutorial07/Tutorial07Producer/target/classes/com/example/]]
20:55:25.071 [main] DEBUG org.springframework.core.io.support.PathMatchingResourcePatternResolver - Looking for matching resources in directory tree [G:\APAP\Tutorial07\Tutorial07Producer\target\test-classes\com\example]
20:55:25.071 [main] DEBUG org.springframework.core.io.support.PathMatchingResourcePatternResolver - Searching directory [G:\APAP\Tutorial07\Tutorial07Producer\target\test-classes\com\example] for files matching pattern [G:/APAP/Tutorial07/Tutorial07Producer/target/test-classes/com/example/*.class]
20:55:25.071 [main] DEBUG org.springframework.core.io.support.PathMatchingResourcePatternResolver - Looking for matching resources in directory tree [G:\APAP\Tutorial07\Tutorial07Producer\target\classes\com\example]
20:55:25.071 [main] DEBUG org.springframework.core.io.support.PathMatchingResourcePatternResolver - Searching directory [G:\APAP\Tutorial07\Tutorial07Producer\target\classes\com\example] for files matching pattern [G:/APAP/Tutorial07/Tutorial07Producer/target/classes/com/example/*.class]
20:55:25.071 [main] DEBUG org.springframework.core.io.support.PathMatchingResourcePatternResolver - Resolved location pattern [classpath*:com/example/*.class] to resources [file [G:\APAP\Tutorial07\Tutorial07Producer\target\test-classes\com\example\PdbTutorial03ApplicationTests.class]]
20:55:25.133 [main] DEBUG org.springframework.core.io.support.PathMatchingResourcePatternResolver - Resolved classpath location [com/] to resources [URL [jar:file:/C:/Program%20Files%20(x86)/Java/jdk1.8.0_161/jre/lib/ext/jfxrt.jar!/com/], URL [file:/G:/APAP/Tutorial07/Tutorial07Producer/target/test-classes/com/], URL [file:/G:/APAP/Tutorial07/Tutorial07Producer/target/classes/com/], URL [jar:file:/C:/Users/Gani%20Gemilar/.m2/repository/com/fasterxml/classmate/1.3.1/classmate-1.3.1.jar!/com/], URL [jar:file:/C:/Users/Gani%20Gemilar/.m2/repository/com/fasterxml/jackson/core/jackson-databind/2.8.1/jackson-databind-2.8.1.jar!/com/], URL [jar:file:/C:/Users/Gani%20Gemilar/.m2/repository/com/fasterxml/jackson/core/jackson-annotations/2.8.1/jackson-annotations-2.8.1.jar!/com/], URL [jar:file:/C:/Users/Gani%20Gemilar/.m2/repository/com/fasterxml/jackson/core/jackson-core/2.8.1/jackson-core-2.8.1.jar!/com/], URL [jar:file:/C:/Users/Gani%20Gemilar/.m2/repository/org/projectlombok/lombok/1.16.10/lombok-1.16.10.jar!/com/], URL [jar:file:/C:/Users/Gani%20Gemilar/.m2/repository/mysql/mysql-connector-java/5.1.39/mysql-connector-java-5.1.39.jar!/com/], URL [jar:file:/C:/Users/Gani%20Gemilar/.m2/repository/com/jayway/jsonpath/json-path/2.2.0/json-path-2.2.0.jar!/com/]]
20:55:25.133 [main] DEBUG org.springframework.core.io.support.PathMatchingResourcePatternResolver - Looking for matching resources in jar file [file:/C:/Program%20Files%20(x86)/Java/jdk1.8.0_161/jre/lib/ext/jfxrt.jar]
20:55:25.368 [main] DEBUG org.springframework.core.io.support.PathMatchingResourcePatternResolver - Looking for matching resources in directory tree [G:\APAP\Tutorial07\Tutorial07Producer\target\test-classes\com]
20:55:25.368 [main] DEBUG org.springframework.core.io.support.PathMatchingResourcePatternResolver - Searching directory [G:\APAP\Tutorial07\Tutorial07Producer\target\test-classes\com] for files matching pattern [G:/APAP/Tutorial07/Tutorial07Producer/target/test-classes/com/*.class]
20:55:25.368 [main] DEBUG org.springframework.core.io.support.PathMatchingResourcePatternResolver - Looking for matching resources in directory tree [G:\APAP\Tutorial07\Tutorial07Producer\target\classes\com]
20:55:25.368 [main] DEBUG org.springframework.core.io.support.PathMatchingResourcePatternResolver - Searching directory [G:\APAP\Tutorial07\Tutorial07Producer\target\classes\com] for files matching pattern [G:/APAP/Tutorial07/Tutorial07Producer/target/classes/com/*.class]
20:55:25.368 [main] DEBUG org.springframework.core.io.support.PathMatchingResourcePatternResolver - Looking for matching resources in jar file [file:/C:/Users/Gani%20Gemilar/.m2/repository/com/fasterxml/classmate/1.3.1/classmate-1.3.1.jar]
20:55:25.368 [main] DEBUG org.springframework.core.io.support.PathMatchingResourcePatternResolver - Looking for matching resources in jar file [file:/C:/Users/Gani%20Gemilar/.m2/repository/com/fasterxml/jackson/core/jackson-databind/2.8.1/jackson-databind-2.8.1.jar]
20:55:25.383 [main] DEBUG org.springframework.core.io.support.PathMatchingResourcePatternResolver - Looking for matching resources in jar file [file:/C:/Users/Gani%20Gemilar/.m2/repository/com/fasterxml/jackson/core/jackson-annotations/2.8.1/jackson-annotations-2.8.1.jar]
20:55:25.383 [main] DEBUG org.springframework.core.io.support.PathMatchingResourcePatternResolver - Looking for matching resources in jar file [file:/C:/Users/Gani%20Gemilar/.m2/repository/com/fasterxml/jackson/core/jackson-core/2.8.1/jackson-core-2.8.1.jar]
20:55:25.383 [main] DEBUG org.springframework.core.io.support.PathMatchingResourcePatternResolver - Looking for matching resources in jar file [file:/C:/Users/Gani%20Gemilar/.m2/repository/org/projectlombok/lombok/1.16.10/lombok-1.16.10.jar]
20:55:25.399 [main] DEBUG org.springframework.core.io.support.PathMatchingResourcePatternResolver - Looking for matching resources in jar file [file:/C:/Users/Gani%20Gemilar/.m2/repository/mysql/mysql-connector-java/5.1.39/mysql-connector-java-5.1.39.jar]
20:55:25.415 [main] DEBUG org.springframework.core.io.support.PathMatchingResourcePatternResolver - Looking for matching resources in jar file [file:/C:/Users/Gani%20Gemilar/.m2/repository/com/jayway/jsonpath/json-path/2.2.0/json-path-2.2.0.jar]
20:55:25.415 [main] DEBUG org.springframework.core.io.support.PathMatchingResourcePatternResolver - Resolved location pattern [classpath*:com/*.class] to resources []
20:55:25.430 [main] DEBUG org.springframework.test.context.junit4.SpringJUnit4ClassRunner - SpringJUnit4ClassRunner constructor called with [class com.example.PdbTutorial03ApplicationTests]
20:55:25.430 [main] DEBUG org.springframework.test.context.BootstrapUtils - Instantiating CacheAwareContextLoaderDelegate from class [org.springframework.test.context.cache.DefaultCacheAwareContextLoaderDelegate]
20:55:25.430 [main] DEBUG org.springframework.test.context.BootstrapUtils - Instantiating BootstrapContext using constructor [public org.springframework.test.context.support.DefaultBootstrapContext(java.lang.Class,org.springframework.test.context.CacheAwareContextLoaderDelegate)]
20:55:25.430 [main] DEBUG org.springframework.test.context.BootstrapUtils - Instantiating TestContextBootstrapper for test class [com.example.PdbTutorial03ApplicationTests] from class [org.springframework.boot.test.context.SpringBootTestContextBootstrapper]
20:55:25.446 [main] INFO org.springframework.boot.test.context.SpringBootTestContextBootstrapper - Neither @ContextConfiguration nor @ContextHierarchy found for test class [com.example.PdbTutorial03ApplicationTests], using SpringBootContextLoader
20:55:25.446 [main] DEBUG org.springframework.test.context.support.AbstractContextLoader - Did not detect default resource location for test class [com.example.PdbTutorial03ApplicationTests]: class path resource [com/example/PdbTutorial03ApplicationTests-context.xml] does not exist
20:55:25.446 [main] DEBUG org.springframework.test.context.support.AbstractContextLoader - Did not detect default resource location for test class [com.example.PdbTutorial03ApplicationTests]: class path resource [com/example/PdbTutorial03ApplicationTestsContext.groovy] does not exist
20:55:25.446 [main] INFO org.springframework.test.context.support.AbstractContextLoader - Could not detect default resource locations for test class [com.example.PdbTutorial03ApplicationTests]: no resource found for suffixes {-context.xml, Context.groovy}.
20:55:25.446 [main] INFO org.springframework.test.context.support.AnnotationConfigContextLoaderUtils - Could not detect default configuration classes for test class [com.example.PdbTutorial03ApplicationTests]: PdbTutorial03ApplicationTests does not declare any static, non-private, non-final, nested classes annotated with @Configuration.
20:55:25.461 [main] DEBUG org.springframework.test.context.support.ActiveProfilesUtils - Could not find an 'annotation declaring class' for annotation type [org.springframework.test.context.ActiveProfiles] and class [com.example.PdbTutorial03ApplicationTests]
20:55:25.477 [main] DEBUG org.springframework.core.env.StandardEnvironment - Adding [systemProperties] PropertySource with lowest search precedence
20:55:25.477 [main] DEBUG org.springframework.core.env.StandardEnvironment - Adding [systemEnvironment] PropertySource with lowest search precedence
20:55:25.477 [main] DEBUG org.springframework.core.env.StandardEnvironment - Initialized StandardEnvironment with PropertySources [systemProperties,systemEnvironment]
20:55:25.477 [main] DEBUG org.springframework.core.io.support.PathMatchingResourcePatternResolver - Resolved classpath location [com/example/] to resources [URL [file:/G:/APAP/Tutorial07/Tutorial07Producer/target/test-classes/com/example/], URL [file:/G:/APAP/Tutorial07/Tutorial07Producer/target/classes/com/example/]]
20:55:25.477 [main] DEBUG org.springframework.core.io.support.PathMatchingResourcePatternResolver - Looking for matching resources in directory tree [G:\APAP\Tutorial07\Tutorial07Producer\target\test-classes\com\example]
20:55:25.477 [main] DEBUG org.springframework.core.io.support.PathMatchingResourcePatternResolver - Searching directory [G:\APAP\Tutorial07\Tutorial07Producer\target\test-classes\com\example] for files matching pattern [G:/APAP/Tutorial07/Tutorial07Producer/target/test-classes/com/example/*.class]
20:55:25.477 [main] DEBUG org.springframework.core.io.support.PathMatchingResourcePatternResolver - Looking for matching resources in directory tree [G:\APAP\Tutorial07\Tutorial07Producer\target\classes\com\example]
20:55:25.477 [main] DEBUG org.springframework.core.io.support.PathMatchingResourcePatternResolver - Searching directory [G:\APAP\Tutorial07\Tutorial07Producer\target\classes\com\example] for files matching pattern [G:/APAP/Tutorial07/Tutorial07Producer/target/classes/com/example/*.class]
20:55:25.477 [main] DEBUG org.springframework.core.io.support.PathMatchingResourcePatternResolver - Resolved location pattern [classpath*:com/example/*.class] to resources [file [G:\APAP\Tutorial07\Tutorial07Producer\target\test-classes\com\example\PdbTutorial03ApplicationTests.class]]
20:55:25.493 [main] DEBUG org.springframework.core.io.support.PathMatchingResourcePatternResolver - Resolved classpath location [com/] to resources [URL [jar:file:/C:/Program%20Files%20(x86)/Java/jdk1.8.0_161/jre/lib/ext/jfxrt.jar!/com/], URL [file:/G:/APAP/Tutorial07/Tutorial07Producer/target/test-classes/com/], URL [file:/G:/APAP/Tutorial07/Tutorial07Producer/target/classes/com/], URL [jar:file:/C:/Users/Gani%20Gemilar/.m2/repository/com/fasterxml/classmate/1.3.1/classmate-1.3.1.jar!/com/], URL [jar:file:/C:/Users/Gani%20Gemilar/.m2/repository/com/fasterxml/jackson/core/jackson-databind/2.8.1/jackson-databind-2.8.1.jar!/com/], URL [jar:file:/C:/Users/Gani%20Gemilar/.m2/repository/com/fasterxml/jackson/core/jackson-annotations/2.8.1/jackson-annotations-2.8.1.jar!/com/], URL [jar:file:/C:/Users/Gani%20Gemilar/.m2/repository/com/fasterxml/jackson/core/jackson-core/2.8.1/jackson-core-2.8.1.jar!/com/], URL [jar:file:/C:/Users/Gani%20Gemilar/.m2/repository/org/projectlombok/lombok/1.16.10/lombok-1.16.10.jar!/com/], URL [jar:file:/C:/Users/Gani%20Gemilar/.m2/repository/mysql/mysql-connector-java/5.1.39/mysql-connector-java-5.1.39.jar!/com/], URL [jar:file:/C:/Users/Gani%20Gemilar/.m2/repository/com/jayway/jsonpath/json-path/2.2.0/json-path-2.2.0.jar!/com/]]
20:55:25.493 [main] DEBUG org.springframework.core.io.support.PathMatchingResourcePatternResolver - Looking for matching resources in jar file [file:/C:/Program%20Files%20(x86)/Java/jdk1.8.0_161/jre/lib/ext/jfxrt.jar]
20:55:25.571 [main] DEBUG org.springframework.core.io.support.PathMatchingResourcePatternResolver - Looking for matching resources in directory tree [G:\APAP\Tutorial07\Tutorial07Producer\target\test-classes\com]
20:55:25.571 [main] DEBUG org.springframework.core.io.support.PathMatchingResourcePatternResolver - Searching directory [G:\APAP\Tutorial07\Tutorial07Producer\target\test-classes\com] for files matching pattern [G:/APAP/Tutorial07/Tutorial07Producer/target/test-classes/com/*.class]
20:55:25.582 [main] DEBUG org.springframework.core.io.support.PathMatchingResourcePatternResolver - Looking for matching resources in directory tree [G:\APAP\Tutorial07\Tutorial07Producer\target\classes\com]
20:55:25.583 [main] DEBUG org.springframework.core.io.support.PathMatchingResourcePatternResolver - Searching directory [G:\APAP\Tutorial07\Tutorial07Producer\target\classes\com] for files matching pattern [G:/APAP/Tutorial07/Tutorial07Producer/target/classes/com/*.class]
20:55:25.583 [main] DEBUG org.springframework.core.io.support.PathMatchingResourcePatternResolver - Looking for matching resources in jar file [file:/C:/Users/Gani%20Gemilar/.m2/repository/com/fasterxml/classmate/1.3.1/classmate-1.3.1.jar]
20:55:25.583 [main] DEBUG org.springframework.core.io.support.PathMatchingResourcePatternResolver - Looking for matching resources in jar file [file:/C:/Users/Gani%20Gemilar/.m2/repository/com/fasterxml/jackson/core/jackson-databind/2.8.1/jackson-databind-2.8.1.jar]
20:55:25.599 [main] DEBUG org.springframework.core.io.support.PathMatchingResourcePatternResolver - Looking for matching resources in jar file [file:/C:/Users/Gani%20Gemilar/.m2/repository/com/fasterxml/jackson/core/jackson-annotations/2.8.1/jackson-annotations-2.8.1.jar]
20:55:25.599 [main] DEBUG org.springframework.core.io.support.PathMatchingResourcePatternResolver - Looking for matching resources in jar file [file:/C:/Users/Gani%20Gemilar/.m2/repository/com/fasterxml/jackson/core/jackson-core/2.8.1/jackson-core-2.8.1.jar]
20:55:25.599 [main] DEBUG org.springframework.core.io.support.PathMatchingResourcePatternResolver - Looking for matching resources in jar file [file:/C:/Users/Gani%20Gemilar/.m2/repository/org/projectlombok/lombok/1.16.10/lombok-1.16.10.jar]
20:55:25.599 [main] DEBUG org.springframework.core.io.support.PathMatchingResourcePatternResolver - Looking for matching resources in jar file [file:/C:/Users/Gani%20Gemilar/.m2/repository/mysql/mysql-connector-java/5.1.39/mysql-connector-java-5.1.39.jar]
20:55:25.615 [main] DEBUG org.springframework.core.io.support.PathMatchingResourcePatternResolver - Looking for matching resources in jar file [file:/C:/Users/Gani%20Gemilar/.m2/repository/com/jayway/jsonpath/json-path/2.2.0/json-path-2.2.0.jar]
20:55:25.615 [main] DEBUG org.springframework.core.io.support.PathMatchingResourcePatternResolver - Resolved location pattern [classpath*:com/*.class] to resources []
]]></system-out>
  </testcase>
</testsuite>